Add profile.
data_nitems:1
Add profile.
data_nitems:2
Add profile.
data_nitems:3
Add profile.
data_nitems:4
Add profile.
data_nitems:5
Id    : 5100046
Name  : The Bridge
Birth : 1845-11-02
Addr  : 14 Seafield Road Longman Inverness
Com.  : SEN Unit 2.0 Open

Id    : 5100127
Name  : Bower Primary School
Birth : 1908-01-19
Addr  : Bowermadden Bower Caithness
Com.  : 01955 641225 Primary 25 2.6 Open

Id    : 5100224
Name  : Canisbay Primary School
Birth : 1928-07-05
Addr  : Canisbay Wick
Com.  : 01955 611337 Primary 56 3.5 Open

Id    : 5100321
Name  : Castletown Primary School
Birth : 1913-11-04
Addr  : Castletown Thurso
Com.  : 01847 821256 01847 821256 Primary 137 8.5 Open

Id    : 5100429
Name  : Crossroads Primary School
Birth : 1893-02-24
Addr  : Dunnet Thurso
Com.  : 01847 851629 01847 851629 Primary 29 2.4 Open

Add profile.
data_nitems:6
Id    : 5100046
Name  : The Bridge
Birth : 1845-11-02
Addr  : 14 Seafield Road Longman Inverness
Com.  : SEN Unit 2.0 Open

Id    : 5100127
Name  : Bower Primary School
Birth : 1908-01-19
Addr  : Bowermadden Bower Caithness
Com.  : 01955 641225 Primary 25 2.6 Open

Id    : 5100224
Name  : Canisbay Primary School
Birth : 1928-07-05
Addr  : Canisbay Wick
Com.  : 01955 611337 Primary 56 3.5 Open

Id    : 5100321
Name  : Castletown Primary School
Birth : 1913-11-04
Addr  : Castletown Thurso
Com.  : 01847 821256 01847 821256 Primary 137 8.5 Open

Id    : 5100429
Name  : Crossroads Primary School
Birth : 1893-02-24
Addr  : Dunnet Thurso
Com.  : 01847 851629 01847 851629 Primary 29 2.4 Open

Id    : 5100046
Name  : The Bridge
Birth : 1845-11-02
Addr  : 14 Seafield Road Longman Inverness
Com.  : SEN Unit 2.0 Open

Id    : 5100127
Name  : Bower Primary School
Birth : 1908-01-19
Addr  : Bowermadden Bower Caithness
Com.  : 01955 641225 Primary 25 2.6 Open

Id    : 5100224
Name  : Canisbay Primary School
Birth : 1928-07-05
Addr  : Canisbay Wick
Com.  : 01955 611337 Primary 56 3.5 Open

Id    : 5100321
Name  : Castletown Primary School
Birth : 1913-11-04
Addr  : Castletown Thurso
Com.  : 01847 821256 01847 821256 Primary 137 8.5 Open

Id    : 5100429
Name  : Crossroads Primary School
Birth : 1893-02-24
Addr  : Dunnet Thurso
Com.  : 01847 851629 01847 851629 Primary 29 2.4 Open

Id    : 8681139
Name  : Cedars School of Excellence
Birth : 1967-11-03
Addr  : Lothian Road Greenock
Com.  : 01475 631074 Primary 20 3.1 Secondary 11 2.6 Open

Id    : 5100127
Name  : Bower Primary School
Birth : 1908-01-19
Addr  : Bowermadden Bower Caithness
Com.  : 01955 641225 Primary 25 2.6 Open

Id    : 5100224
Name  : Canisbay Primary School
Birth : 1928-07-05
Addr  : Canisbay Wick
Com.  : 01955 611337 Primary 56 3.5 Open

Id    : 5100321
Name  : Castletown Primary School
Birth : 1913-11-04
Addr  : Castletown Thurso
Com.  : 01847 821256 01847 821256 Primary 137 8.5 Open

Id    : 5100429
Name  : Crossroads Primary School
Birth : 1893-02-24
Addr  : Dunnet Thurso
Com.  : 01847 851629 01847 851629 Primary 29 2.4 Open

Id    : 8681139
Name  : Cedars School of Excellence
Birth : 1967-11-03
Addr  : Lothian Road Greenock
Com.  : 01475 631074 Primary 20 3.1 Secondary 11 2.6 Open

Id    : 5100046
Name  : The Bridge
Birth : 1845-11-02
Addr  : 14 Seafield Road Longman Inverness
Com.  : SEN Unit 2.0 Open

Id    : 5100127
Name  : Bower Primary School
Birth : 1908-01-19
Addr  : Bowermadden Bower Caithness
Com.  : 01955 641225 Primary 25 2.6 Open

Id    : 5100224
Name  : Canisbay Primary School
Birth : 1928-07-05
Addr  : Canisbay Wick
Com.  : 01955 611337 Primary 56 3.5 Open

Id    : 5100321
Name  : Castletown Primary School
Birth : 1913-11-04
Addr  : Castletown Thurso
Com.  : 01847 821256 01847 821256 Primary 137 8.5 Open

Id    : 5100429
Name  : Crossroads Primary School
Birth : 1893-02-24
Addr  : Dunnet Thurso
Com.  : 01847 851629 01847 851629 Primary 29 2.4 Open

Id    : 8681139
Name  : Cedars School of Excellence
Birth : 1967-11-03
Addr  : Lothian Road Greenock
Com.  : 01475 631074 Primary 20 3.1 Secondary 11 2.6 Open

