8 profile(s)
Id    : 5100046
Name  : The Bridge
Birth : 1845-11-02
Addr  : 14 Seafield Road Longman Inverness
Com.  : SEN Unit 2.0 Open

Id    : 5100127
Name  : Bower Primary School
Birth : 1908-01-19
Addr  : Bowermadden Bower Caithness
Com.  : 01955 641225 Primary 25 2.6 Open

Id    : 5100224
Name  : Canisbay Primary School
Birth : 1928-07-05
Addr  : Canisbay Wick
Com.  : 01955 611337 Primary 56 3.5 Open

Id    : 5100321
Name  : Castletown Primary School
Birth : 1913-11-04
Addr  : Castletown Thurso
Com.  : 01847 821256 01847 821256 Primary 137 8.5 Open

Id    : 5100429
Name  : Crossroads Primary School
Birth : 1893-02-24
Addr  : Dunnet Thurso
Com.  : 01847 851629 01847 851629 Primary 29 2.4 Open

Id    : 5100526
Name  : Dunbeath Primary School
Birth : 1805-01-08
Addr  : Dunbeath
Com.  : 01593 731286 Primary 13 1.1 Open

Id    : 5100623
Name  : Halkirk Primary School
Birth : 1996-11-20
Addr  : Halkirk
Com.  : 01847 831246 01847 831973 Primary 133 6.8 Open

Id    : 5100720
Name  : Keiss Primary School
Birth : 1976-03-03
Addr  : Keiss Wick Caithness
Com.  : 01955 631269 Primary 50 3.0 Open

Id    : 5100046
Name  : The Bridge
Birth : 1845-11-02
Addr  : 14 Seafield Road Longman Inverness
Com.  : SEN Unit 2.0 Open

Id    : 5100127
Name  : Bower Primary School
Birth : 1908-01-19
Addr  : Bowermadden Bower Caithness
Com.  : 01955 641225 Primary 25 2.6 Open

Id    : 5100224
Name  : Canisbay Primary School
Birth : 1928-07-05
Addr  : Canisbay Wick
Com.  : 01955 611337 Primary 56 3.5 Open

Id    : 5100321
Name  : Castletown Primary School
Birth : 1913-11-04
Addr  : Castletown Thurso
Com.  : 01847 821256 01847 821256 Primary 137 8.5 Open

Id    : 5100429
Name  : Crossroads Primary School
Birth : 1893-02-24
Addr  : Dunnet Thurso
Com.  : 01847 851629 01847 851629 Primary 29 2.4 Open

Id    : 5100526
Name  : Dunbeath Primary School
Birth : 1805-01-08
Addr  : Dunbeath
Com.  : 01593 731286 Primary 13 1.1 Open

Id    : 5100623
Name  : Halkirk Primary School
Birth : 1996-11-20
Addr  : Halkirk
Com.  : 01847 831246 01847 831973 Primary 133 6.8 Open

Id    : 5100720
Name  : Keiss Primary School
Birth : 1976-03-03
Addr  : Keiss Wick Caithness
Com.  : 01955 631269 Primary 50 3.0 Open

Id    : 5100046
Name  : The Bridge
Birth : 1845-11-02
Addr  : 14 Seafield Road Longman Inverness
Com.  : SEN Unit 2.0 Open

Id    : 5100127
Name  : Bower Primary School
Birth : 1908-01-19
Addr  : Bowermadden Bower Caithness
Com.  : 01955 641225 Primary 25 2.6 Open

Id    : 5100224
Name  : Canisbay Primary School
Birth : 1928-07-05
Addr  : Canisbay Wick
Com.  : 01955 611337 Primary 56 3.5 Open

Id    : 5100321
Name  : Castletown Primary School
Birth : 1913-11-04
Addr  : Castletown Thurso
Com.  : 01847 821256 01847 821256 Primary 137 8.5 Open

Id    : 5100429
Name  : Crossroads Primary School
Birth : 1893-02-24
Addr  : Dunnet Thurso
Com.  : 01847 851629 01847 851629 Primary 29 2.4 Open

Id    : 5100526
Name  : Dunbeath Primary School
Birth : 1805-01-08
Addr  : Dunbeath
Com.  : 01593 731286 Primary 13 1.1 Open

Id    : 5100623
Name  : Halkirk Primary School
Birth : 1996-11-20
Addr  : Halkirk
Com.  : 01847 831246 01847 831973 Primary 133 6.8 Open

Id    : 5100720
Name  : Keiss Primary School
Birth : 1976-03-03
Addr  : Keiss Wick Caithness
Com.  : 01955 631269 Primary 50 3.0 Open

Id    : 5100046
Name  : The Bridge
Birth : 1845-11-02
Addr  : 14 Seafield Road Longman Inverness
Com.  : SEN Unit 2.0 Open

Id    : 5100127
Name  : Bower Primary School
Birth : 1908-01-19
Addr  : Bowermadden Bower Caithness
Com.  : 01955 641225 Primary 25 2.6 Open

Id    : 5100224
Name  : Canisbay Primary School
Birth : 1928-07-05
Addr  : Canisbay Wick
Com.  : 01955 611337 Primary 56 3.5 Open

Id    : 5100321
Name  : Castletown Primary School
Birth : 1913-11-04
Addr  : Castletown Thurso
Com.  : 01847 821256 01847 821256 Primary 137 8.5 Open

Id    : 5100429
Name  : Crossroads Primary School
Birth : 1893-02-24
Addr  : Dunnet Thurso
Com.  : 01847 851629 01847 851629 Primary 29 2.4 Open

Id    : 5100526
Name  : Dunbeath Primary School
Birth : 1805-01-08
Addr  : Dunbeath
Com.  : 01593 731286 Primary 13 1.1 Open

Id    : 5100623
Name  : Halkirk Primary School
Birth : 1996-11-20
Addr  : Halkirk
Com.  : 01847 831246 01847 831973 Primary 133 6.8 Open

Id    : 5100720
Name  : Keiss Primary School
Birth : 1976-03-03
Addr  : Keiss Wick Caithness
Com.  : 01955 631269 Primary 50 3.0 Open

Id    : 5100046
Name  : The Bridge
Birth : 1845-11-02
Addr  : 14 Seafield Road Longman Inverness
Com.  : SEN Unit 2.0 Open

Id    : 5100127
Name  : Bower Primary School
Birth : 1908-01-19
Addr  : Bowermadden Bower Caithness
Com.  : 01955 641225 Primary 25 2.6 Open

Id    : 5100224
Name  : Canisbay Primary School
Birth : 1928-07-05
Addr  : Canisbay Wick
Com.  : 01955 611337 Primary 56 3.5 Open

Id    : 5100321
Name  : Castletown Primary School
Birth : 1913-11-04
Addr  : Castletown Thurso
Com.  : 01847 821256 01847 821256 Primary 137 8.5 Open

Id    : 5100526
Name  : Dunbeath Primary School
Birth : 1805-01-08
Addr  : Dunbeath
Com.  : 01593 731286 Primary 13 1.1 Open

8 profile(s)
