This is e-pTeX, Version 3.14159265-p3.8.0-180226-2.6 (utf8.sjis) (TeX Live 2018/W32TeX) (preloaded format=platex 2018.4.26)  16 MAY 2019 13:03
entering extended mode
 restricted \write18 enabled.
 %&-line parsing enabled.
**kimatu_report.tex
(./kimatu_report.tex
pLaTeX2e <2018-04-01>+1 (based on LaTeX2e <2018-04-01> patch level 3)
Babel <3.19> and hyphenation patterns for 84 language(s) loaded.
(d:/W32Tex/share/texmf-dist/tex/platex/base/jarticle.cls
Document Class: jarticle 2018/02/04 v1.7h Standard pLaTeX class
\c@@paper=\count83
(d:/W32Tex/share/texmf-dist/tex/platex/base/jsize11.clo
File: jsize11.clo 2018/02/04 v1.7h Standard pLaTeX file (size option)
)
\c@part=\count84
\c@section=\count85
\c@subsection=\count86
\c@subsubsection=\count87
\c@paragraph=\count88
\c@subparagraph=\count89
\c@figure=\count90
\c@table=\count91
\abovecaptionskip=\skip41
\belowcaptionskip=\skip42
\symmincho=\mathgroup4
LaTeX Font Info:    Overwriting symbol font `mincho' in version `bold'
(Font)                  JY1/mc/m/n --> JY1/gt/m/n on input line 614.
\toclineskip=\dimen118
\@lnumwidth=\dimen119
\bibindent=\dimen120
\heisei=\count92
)
(d:/W32Tex/share/texmf-dist/tex/latex/geometry/geometry.sty
Package: geometry 2018/03/24 v5.7 Page Geometry

(d:/W32Tex/share/texmf-dist/tex/latex/graphics/keyval.sty
Package: keyval 2014/10/28 v1.15 key=value parser (DPC)
\KV@toks@=\toks15
)
(d:/W32Tex/share/texmf-dist/tex/generic/oberdiek/ifpdf.sty
Package: ifpdf 2017/03/15 v3.2 Provides the ifpdf switch
)
(d:/W32Tex/share/texmf-dist/tex/generic/oberdiek/ifvtex.sty
Package: ifvtex 2016/05/16 v1.6 Detect VTeX and its facilities (HO)
Package ifvtex Info: VTeX not detected.
)
(d:/W32Tex/share/texmf-dist/tex/generic/ifxetex/ifxetex.sty
Package: ifxetex 2010/09/12 v0.6 Provides ifxetex conditional
)
\Gm@cnth=\count93
\Gm@cntv=\count94
\c@Gm@tempcnt=\count95
\Gm@bindingoffset=\dimen121
\Gm@wd@mp=\dimen122
\Gm@odd@mp=\dimen123
\Gm@even@mp=\dimen124
\Gm@layoutwidth=\dimen125
\Gm@layoutheight=\dimen126
\Gm@layouthoffset=\dimen127
\Gm@layoutvoffset=\dimen128
\Gm@dimlist=\toks16

(d:/W32Tex/share/texmf-dist/tex/latex/geometry/geometry.cfg))
No file kimatu_report.aux.
\openout1 = `kimatu_report.aux'.

LaTeX Font Info:    Checking defaults for OML/cmm/m/it on input line 27.
LaTeX Font Info:    ... okay on input line 27.
LaTeX Font Info:    Checking defaults for T1/cmr/m/n on input line 27.
LaTeX Font Info:    ... okay on input line 27.
LaTeX Font Info:    Checking defaults for OT1/cmr/m/n on input line 27.
LaTeX Font Info:    ... okay on input line 27.
LaTeX Font Info:    Checking defaults for OMS/cmsy/m/n on input line 27.
LaTeX Font Info:    ... okay on input line 27.
LaTeX Font Info:    Checking defaults for OMX/cmex/m/n on input line 27.
LaTeX Font Info:    ... okay on input line 27.
LaTeX Font Info:    Checking defaults for U/cmr/m/n on input line 27.
LaTeX Font Info:    ... okay on input line 27.
LaTeX Font Info:    Checking defaults for JY1/mc/m/n on input line 27.
LaTeX Font Info:    ... okay on input line 27.
LaTeX Font Info:    Checking defaults for JT1/mc/m/n on input line 27.
LaTeX Font Info:    ... okay on input line 27.
*geometry* driver: auto-detecting
*geometry* detected driver: dvips
*geometry* verbose mode - [ preamble ] result:
* driver: dvips
* paper: <default>
* layout: <same size as paper>
* layoutoffset:(h,v)=(0.0pt,0.0pt)
* modes: 
* h-part:(L,W,R)=(71.13188pt, 455.24411pt, 71.13188pt)
* v-part:(T,H,B)=(71.13188pt, 688.5567pt, 85.35826pt)
* \paperwidth=597.50787pt
* \paperheight=845.04684pt
* \textwidth=455.24411pt
* \textheight=688.5567pt
* \oddsidemargin=-1.1381pt
* \evensidemargin=-1.1381pt
* \topmargin=-38.1381pt
* \headheight=12.0pt
* \headsep=25.0pt
* \topskip=8.51457pt
* \footskip=30.0pt
* \marginparwidth=60.0pt
* \marginparsep=10.0pt
* \columnsep=21.07251pt
* \skip\footins=10.0pt plus 4.0pt minus 2.0pt
* \hoffset=0.0pt
* \voffset=0.0pt
* \mag=1000
* \@twocolumnfalse
* \@twosidefalse
* \@mparswitchfalse
* \@reversemarginfalse
* (1in=72.27pt=25.4mm, 1cm=28.453pt)

LaTeX Font Info:    External font `cmex10' loaded for size
(Font)              <12> on input line 28.
LaTeX Font Info:    External font `cmex10' loaded for size
(Font)              <8> on input line 28.
LaTeX Font Info:    External font `cmex10' loaded for size
(Font)              <6> on input line 28.
LaTeX Font Info:    Font shape `JT1/mc/bx/n' in size <14.4> not available
(Font)              Font shape `JT1/gt/m/n' tried instead on input line 43.
LaTeX Font Info:    Font shape `JY1/mc/bx/n' in size <14.4> not available
(Font)              Font shape `JY1/gt/m/n' tried instead on input line 43.

Overfull \hbox (63.4669pt too wide) in paragraph at lines 71--71
 []        \OT1/cmtt/m/n/10 5100046,The Bridge,1845-11-2,14 Seafield Road Longm
an Inverness,SEN Unit 2.0 Open[] 
 []


Overfull \hbox (157.96608pt too wide) in paragraph at lines 71--71
 []        \OT1/cmtt/m/n/10 5100127,Bower Primary School,1908-1-19,Bowermadden 
Bower Caithness,01955 641225 Primary 25 2.6 Open[] 
 []


Overfull \hbox (94.96663pt too wide) in paragraph at lines 71--71
 []        \OT1/cmtt/m/n/10 5100224,Canisbay Primary School,1928-7-5,Canisbay W
ick,01955 611337 Primary 56 3.5 Open[] 
 []

LaTeX Font Info:    Font shape `JT1/mc/bx/n' in size <10.95> not available
(Font)              Font shape `JT1/gt/m/n' tried instead on input line 78.
LaTeX Font Info:    Font shape `JY1/mc/bx/n' in size <10.95> not available
(Font)              Font shape `JY1/gt/m/n' tried instead on input line 78.

LaTeX Warning: Reference `tbl:commands' on page 1 undefined on input line 78.

LaTeX Font Info:    External font `cmex10' loaded for size
(Font)              <10.95> on input line 82.

LaTeX Warning: Reference `tbl:structure_profile' on page 1 undefined on input l
ine 87.


Overfull \hbox (46.94807pt too wide) in paragraph at lines 96--103
 [][][][] 
 []

[1

]

LaTeX Warning: Reference `sec:declare' on page 2 undefined on input line 141.


LaTeX Warning: Reference `sec:parse' on page 2 undefined on input line 142.


LaTeX Warning: Reference `sec:exchange' on page 2 undefined on input line 143.


LaTeX Warning: Reference `sec:command' on page 2 undefined on input line 144.

LaTeX Font Info:    Font shape `JT1/mc/bx/n' in size <12> not available
(Font)              Font shape `JT1/gt/m/n' tried instead on input line 149.
LaTeX Font Info:    Font shape `JY1/mc/bx/n' in size <12> not available
(Font)              Font shape `JY1/gt/m/n' tried instead on input line 149.

LaTeX Warning: Reference `tbl:structure_profile' on page 2 undefined on input l
ine 153.


Overfull \hbox (41.37532pt too wide) in paragraph at lines 180--181
\JY1/mc/m/n/10.95 一つ当たりデ ータの構造を作るために利用している ． \OT1/cmtt/
m/n/10.95 int id \JY1/mc/m/n/10.95 は[] \OT1/cmr/m/n/10.95 ID,[]\OT1/cmtt/m/n/1
0.95 char name \JY1/mc/m/n/10.95 は学校名[]\OT1/cmr/m/n/10.95 ,[]\OT1/cmtt/m/n/
10.95 struct date found
 []

[2] [3] [4] [5] [6]
LaTeX Font Info:    Font shape `OT1/cmtt/bx/n' in size <12> not available
(Font)              Font shape `OT1/cmtt/m/n' tried instead on input line 518.
 [7] [8] [9] (./kimatu_report.aux)

LaTeX Warning: There were undefined references.


LaTeX Warning: Label(s) may have changed. Rerun to get cross-references right.

 ) 
Here is how much of TeX's memory you used:
 849 strings out of 493281
 11378 string characters out of 6146979
 87407 words of memory out of 5000000
 4830 multiletter control sequences out of 15000+600000
 16050 words of font info for 63 fonts, out of 8000000 for 9000
 929 hyphenation exceptions out of 8191
 23i,14n,20p,498b,396s stack positions out of 5000i,500n,10000p,500000b,80000s

Output written on kimatu_report.dvi (9 pages, 29200 bytes).
